THIS EVENTS LOG FILE IS AUTO-GENERATED BY AIO

[19-Jun-2023 20:55:30 UTC] PHP Fatal error:  Uncaught Error: Call to undefined function prer() in /Users/maazabul/AIO/apps/docs/functions/fun.php:81
Stack trace:
#0 /Users/maazabul/AIO/apps/docs/functions/fun.php(85): code('web_app.com/abo...')
#1 /Users/maazabul/AIO/apps/docs/functions/fun.php(112): docs_code('web_app.com/abo...')
#2 /Users/maazabul/AIO/apps/docs/pages/setup/static.php(4): render_docs(Array)
#3 /Users/maazabul/AIO/core/core.php(161): require('/Users/maazabul...')
#4 /Users/maazabul/AIO/index.php(62): require('/Users/maazabul...')
#5 {main}
  thrown in /Users/maazabul/AIO/apps/docs/functions/fun.php on line 81
[19-Jun-2023 21:01:46 UTC] PHP Fatal error:  Uncaught Error: Call to undefined function prer() in /Users/maazabul/AIO/apps/docs/functions/fun.php:81
Stack trace:
#0 /Users/maazabul/AIO/apps/docs/functions/fun.php(85): code('art('buttons,in...')
#1 /Users/maazabul/AIO/apps/docs/functions/fun.php(112): docs_code('art('buttons,in...')
#2 /Users/maazabul/AIO/apps/docs/pages/code/art/index.php(4): render_docs(Array)
#3 /Users/maazabul/AIO/core/core.php(161): require('/Users/maazabul...')
#4 /Users/maazabul/AIO/index.php(62): require('/Users/maazabul...')
#5 {main}
  thrown in /Users/maazabul/AIO/apps/docs/functions/fun.php on line 81
[19-Jun-2023 21:02:23 UTC] PHP Fatal error:  Uncaught Error: Call to undefined function prer() in /Users/maazabul/AIO/apps/docs/functions/fun.php:81
Stack trace:
#0 /Users/maazabul/AIO/apps/docs/functions/fun.php(85): code('art('buttons,in...')
#1 /Users/maazabul/AIO/apps/docs/functions/fun.php(112): docs_code('art('buttons,in...')
#2 /Users/maazabul/AIO/apps/docs/pages/code/art/index.php(4): render_docs(Array)
#3 /Users/maazabul/AIO/core/core.php(161): require('/Users/maazabul...')
#4 /Users/maazabul/AIO/index.php(62): require('/Users/maazabul...')
#5 {main}
  thrown in /Users/maazabul/AIO/apps/docs/functions/fun.php on line 81
[19-Jun-2023 21:02:25 UTC] PHP Fatal error:  Uncaught Error: Call to undefined function prer() in /Users/maazabul/AIO/apps/docs/functions/fun.php:81
Stack trace:
#0 /Users/maazabul/AIO/apps/docs/functions/fun.php(85): code('art('buttons,in...')
#1 /Users/maazabul/AIO/apps/docs/functions/fun.php(112): docs_code('art('buttons,in...')
#2 /Users/maazabul/AIO/apps/docs/pages/code/art/index.php(4): render_docs(Array)
#3 /Users/maazabul/AIO/core/core.php(161): require('/Users/maazabul...')
#4 /Users/maazabul/AIO/index.php(62): require('/Users/maazabul...')
#5 {main}
  thrown in /Users/maazabul/AIO/apps/docs/functions/fun.php on line 81
[19-Jun-2023 21:02:28 UTC] PHP Fatal error:  Uncaught Error: Call to undefined function prer() in /Users/maazabul/AIO/apps/docs/functions/fun.php:81
Stack trace:
#0 /Users/maazabul/AIO/apps/docs/pages/code/art/buttons.php(13): code('<button>Click M...')
#1 /Users/maazabul/AIO/core/core.php(161): require('/Users/maazabul...')
#2 /Users/maazabul/AIO/index.php(62): require('/Users/maazabul...')
#3 {main}
  thrown in /Users/maazabul/AIO/apps/docs/functions/fun.php on line 81
[19-Jun-2023 21:02:29 UTC] PHP Fatal error:  Uncaught Error: Call to undefined function prer() in /Users/maazabul/AIO/apps/docs/functions/fun.php:81
Stack trace:
#0 /Users/maazabul/AIO/apps/docs/pages/code/art/buttons.php(13): code('<button>Click M...')
#1 /Users/maazabul/AIO/core/core.php(161): require('/Users/maazabul...')
#2 /Users/maazabul/AIO/index.php(62): require('/Users/maazabul...')
#3 {main}
  thrown in /Users/maazabul/AIO/apps/docs/functions/fun.php on line 81
[19-Jun-2023 21:02:30 UTC] PHP Fatal error:  Uncaught Error: Call to undefined function prer() in /Users/maazabul/AIO/apps/docs/functions/fun.php:81
Stack trace:
#0 /Users/maazabul/AIO/apps/docs/functions/fun.php(85): code('art('buttons,in...')
#1 /Users/maazabul/AIO/apps/docs/functions/fun.php(112): docs_code('art('buttons,in...')
#2 /Users/maazabul/AIO/apps/docs/pages/code/art/index.php(4): render_docs(Array)
#3 /Users/maazabul/AIO/core/core.php(161): require('/Users/maazabul...')
#4 /Users/maazabul/AIO/index.php(62): require('/Users/maazabul...')
#5 {main}
  thrown in /Users/maazabul/AIO/apps/docs/functions/fun.php on line 81
[19-Jun-2023 21:02:31 UTC] PHP Fatal error:  Uncaught Error: Call to undefined function prer() in /Users/maazabul/AIO/apps/docs/functions/fun.php:81
Stack trace:
#0 /Users/maazabul/AIO/apps/docs/pages/code/art/buttons.php(13): code('<button>Click M...')
#1 /Users/maazabul/AIO/core/core.php(161): require('/Users/maazabul...')
#2 /Users/maazabul/AIO/index.php(62): require('/Users/maazabul...')
#3 {main}
  thrown in /Users/maazabul/AIO/apps/docs/functions/fun.php on line 81
[19-Jun-2023 21:02:32 UTC] PHP Fatal error:  Uncaught Error: Call to undefined function prer() in /Users/maazabul/AIO/apps/docs/functions/fun.php:81
Stack trace:
#0 /Users/maazabul/AIO/apps/docs/functions/fun.php(85): code('art('buttons,in...')
#1 /Users/maazabul/AIO/apps/docs/functions/fun.php(112): docs_code('art('buttons,in...')
#2 /Users/maazabul/AIO/apps/docs/pages/code/art/index.php(4): render_docs(Array)
#3 /Users/maazabul/AIO/core/core.php(161): require('/Users/maazabul...')
#4 /Users/maazabul/AIO/index.php(62): require('/Users/maazabul...')
#5 {main}
  thrown in /Users/maazabul/AIO/apps/docs/functions/fun.php on line 81
[19-Jun-2023 21:02:33 UTC] PHP Fatal error:  Uncaught Error: Call to undefined function prer() in /Users/maazabul/AIO/apps/docs/functions/fun.php:81
Stack trace:
#0 /Users/maazabul/AIO/apps/docs/functions/fun.php(85): code('art('buttons,in...')
#1 /Users/maazabul/AIO/apps/docs/functions/fun.php(112): docs_code('art('buttons,in...')
#2 /Users/maazabul/AIO/apps/docs/pages/code/art/index.php(4): render_docs(Array)
#3 /Users/maazabul/AIO/core/core.php(161): require('/Users/maazabul...')
#4 /Users/maazabul/AIO/index.php(62): require('/Users/maazabul...')
#5 {main}
  thrown in /Users/maazabul/AIO/apps/docs/functions/fun.php on line 81
[19-Jun-2023 21:02:33 UTC] PHP Fatal error:  Uncaught Error: Call to undefined function prer() in /Users/maazabul/AIO/apps/docs/functions/fun.php:81
Stack trace:
#0 /Users/maazabul/AIO/apps/docs/functions/fun.php(85): code('art('buttons,in...')
#1 /Users/maazabul/AIO/apps/docs/functions/fun.php(112): docs_code('art('buttons,in...')
#2 /Users/maazabul/AIO/apps/docs/pages/code/art/index.php(4): render_docs(Array)
#3 /Users/maazabul/AIO/core/core.php(161): require('/Users/maazabul...')
#4 /Users/maazabul/AIO/index.php(62): require('/Users/maazabul...')
#5 {main}
  thrown in /Users/maazabul/AIO/apps/docs/functions/fun.php on line 81
[19-Jun-2023 21:02:34 UTC] PHP Fatal error:  Uncaught Error: Call to undefined function prer() in /Users/maazabul/AIO/apps/docs/functions/fun.php:81
Stack trace:
#0 /Users/maazabul/AIO/apps/docs/pages/code/art/buttons.php(13): code('<button>Click M...')
#1 /Users/maazabul/AIO/core/core.php(161): require('/Users/maazabul...')
#2 /Users/maazabul/AIO/index.php(62): require('/Users/maazabul...')
#3 {main}
  thrown in /Users/maazabul/AIO/apps/docs/functions/fun.php on line 81
[19-Jun-2023 21:05:42 UTC] PHP Fatal error:  Uncaught Error: Call to undefined function prer() in /Users/maazabul/AIO/apps/docs/functions/fun.php:81
Stack trace:
#0 /Users/maazabul/AIO/apps/docs/functions/fun.php(85): code('art('buttons,in...')
#1 /Users/maazabul/AIO/apps/docs/functions/fun.php(112): docs_code('art('buttons,in...')
#2 /Users/maazabul/AIO/apps/docs/pages/code/art/index.php(4): render_docs(Array)
#3 /Users/maazabul/AIO/core/core.php(161): require('/Users/maazabul...')
#4 /Users/maazabul/AIO/index.php(62): require('/Users/maazabul...')
#5 {main}
  thrown in /Users/maazabul/AIO/apps/docs/functions/fun.php on line 81
[19-Jun-2023 21:05:44 UTC] PHP Fatal error:  Uncaught Error: Call to undefined function prer() in /Users/maazabul/AIO/apps/docs/functions/fun.php:81
Stack trace:
#0 /Users/maazabul/AIO/apps/docs/functions/fun.php(85): code('art('buttons,in...')
#1 /Users/maazabul/AIO/apps/docs/functions/fun.php(112): docs_code('art('buttons,in...')
#2 /Users/maazabul/AIO/apps/docs/pages/code/art/index.php(4): render_docs(Array)
#3 /Users/maazabul/AIO/core/core.php(161): require('/Users/maazabul...')
#4 /Users/maazabul/AIO/index.php(62): require('/Users/maazabul...')
#5 {main}
  thrown in /Users/maazabul/AIO/apps/docs/functions/fun.php on line 81
[19-Jun-2023 21:05:45 UTC] PHP Fatal error:  Uncaught Error: Call to undefined function prer() in /Users/maazabul/AIO/apps/docs/functions/fun.php:81
Stack trace:
#0 /Users/maazabul/AIO/apps/docs/functions/fun.php(85): code('art('buttons,in...')
#1 /Users/maazabul/AIO/apps/docs/functions/fun.php(112): docs_code('art('buttons,in...')
#2 /Users/maazabul/AIO/apps/docs/pages/code/art/index.php(4): render_docs(Array)
#3 /Users/maazabul/AIO/core/core.php(161): require('/Users/maazabul...')
#4 /Users/maazabul/AIO/index.php(62): require('/Users/maazabul...')
#5 {main}
  thrown in /Users/maazabul/AIO/apps/docs/functions/fun.php on line 81
[19-Jun-2023 21:05:48 UTC] PHP Fatal error:  Uncaught Error: Call to undefined function prer() in /Users/maazabul/AIO/apps/docs/functions/fun.php:81
Stack trace:
#0 /Users/maazabul/AIO/apps/docs/pages/code/art/buttons.php(13): code('<button>Click M...')
#1 /Users/maazabul/AIO/core/core.php(161): require('/Users/maazabul...')
#2 /Users/maazabul/AIO/index.php(62): require('/Users/maazabul...')
#3 {main}
  thrown in /Users/maazabul/AIO/apps/docs/functions/fun.php on line 81
[19-Jun-2023 21:05:50 UTC] PHP Fatal error:  Uncaught Error: Call to undefined function prer() in /Users/maazabul/AIO/apps/docs/functions/fun.php:81
Stack trace:
#0 /Users/maazabul/AIO/apps/docs/functions/fun.php(85): code('art('buttons,in...')
#1 /Users/maazabul/AIO/apps/docs/functions/fun.php(112): docs_code('art('buttons,in...')
#2 /Users/maazabul/AIO/apps/docs/pages/code/art/index.php(4): render_docs(Array)
#3 /Users/maazabul/AIO/core/core.php(161): require('/Users/maazabul...')
#4 /Users/maazabul/AIO/index.php(62): require('/Users/maazabul...')
#5 {main}
  thrown in /Users/maazabul/AIO/apps/docs/functions/fun.php on line 81
[19-Jun-2023 21:08:42 UTC] PHP Fatal error:  Uncaught TypeError: docs_code(): Argument #1 ($code) must be of type string, array given, called in /Users/maazabul/AIO/apps/docs/functions/fun.php on line 112 and defined in /Users/maazabul/AIO/apps/docs/functions/fun.php:84
Stack trace:
#0 /Users/maazabul/AIO/apps/docs/functions/fun.php(112): docs_code(Array)
#1 /Users/maazabul/AIO/apps/docs/pages/setup/configs.php(4): render_docs(Array)
#2 /Users/maazabul/AIO/core/core.php(161): require('/Users/maazabul...')
#3 /Users/maazabul/AIO/index.php(62): require('/Users/maazabul...')
#4 {main}
  thrown in /Users/maazabul/AIO/apps/docs/functions/fun.php on line 84
[19-Jun-2023 21:08:59 UTC] PHP Fatal error:  Uncaught TypeError: docs_code(): Argument #1 ($code) must be of type string, array given, called in /Users/maazabul/AIO/apps/docs/functions/fun.php on line 112 and defined in /Users/maazabul/AIO/apps/docs/functions/fun.php:84
Stack trace:
#0 /Users/maazabul/AIO/apps/docs/functions/fun.php(112): docs_code(Array)
#1 /Users/maazabul/AIO/apps/docs/pages/setup/configs.php(4): render_docs(Array)
#2 /Users/maazabul/AIO/core/core.php(161): require('/Users/maazabul...')
#3 /Users/maazabul/AIO/index.php(62): require('/Users/maazabul...')
#4 {main}
  thrown in /Users/maazabul/AIO/apps/docs/functions/fun.php on line 84
[19-Jun-2023 21:08:59 UTC] PHP Fatal error:  Uncaught TypeError: docs_code(): Argument #1 ($code) must be of type string, array given, called in /Users/maazabul/AIO/apps/docs/functions/fun.php on line 112 and defined in /Users/maazabul/AIO/apps/docs/functions/fun.php:84
Stack trace:
#0 /Users/maazabul/AIO/apps/docs/functions/fun.php(112): docs_code(Array)
#1 /Users/maazabul/AIO/apps/docs/pages/setup/configs.php(4): render_docs(Array)
#2 /Users/maazabul/AIO/core/core.php(161): require('/Users/maazabul...')
#3 /Users/maazabul/AIO/index.php(62): require('/Users/maazabul...')
#4 {main}
  thrown in /Users/maazabul/AIO/apps/docs/functions/fun.php on line 84
[19-Jun-2023 21:10:01 UTC] PHP Fatal error:  Uncaught Error: Call to undefined function prer() in /Users/maazabul/AIO/apps/docs/functions/fun.php:81
Stack trace:
#0 /Users/maazabul/AIO/apps/docs/functions/fun.php(85): code('['name' => 'Del...')
#1 /Users/maazabul/AIO/apps/docs/functions/fun.php(112): docs_code('['name' => 'Del...')
#2 /Users/maazabul/AIO/apps/docs/pages/setup/configs.php(4): render_docs(Array)
#3 /Users/maazabul/AIO/core/core.php(161): require('/Users/maazabul...')
#4 /Users/maazabul/AIO/index.php(62): require('/Users/maazabul...')
#5 {main}
  thrown in /Users/maazabul/AIO/apps/docs/functions/fun.php on line 81
[19-Jun-2023 21:10:02 UTC] PHP Fatal error:  Uncaught Error: Call to undefined function prer() in /Users/maazabul/AIO/apps/docs/functions/fun.php:81
Stack trace:
#0 /Users/maazabul/AIO/apps/docs/functions/fun.php(85): code('['name' => 'Del...')
#1 /Users/maazabul/AIO/apps/docs/functions/fun.php(112): docs_code('['name' => 'Del...')
#2 /Users/maazabul/AIO/apps/docs/pages/setup/configs.php(4): render_docs(Array)
#3 /Users/maazabul/AIO/core/core.php(161): require('/Users/maazabul...')
#4 /Users/maazabul/AIO/index.php(62): require('/Users/maazabul...')
#5 {main}
  thrown in /Users/maazabul/AIO/apps/docs/functions/fun.php on line 81
[19-Jun-2023 21:10:02 UTC] PHP Fatal error:  Uncaught Error: Call to undefined function prer() in /Users/maazabul/AIO/apps/docs/functions/fun.php:81
Stack trace:
#0 /Users/maazabul/AIO/apps/docs/functions/fun.php(85): code('['name' => 'Del...')
#1 /Users/maazabul/AIO/apps/docs/functions/fun.php(112): docs_code('['name' => 'Del...')
#2 /Users/maazabul/AIO/apps/docs/pages/setup/configs.php(4): render_docs(Array)
#3 /Users/maazabul/AIO/core/core.php(161): require('/Users/maazabul...')
#4 /Users/maazabul/AIO/index.php(62): require('/Users/maazabul...')
#5 {main}
  thrown in /Users/maazabul/AIO/apps/docs/functions/fun.php on line 81
[19-Jun-2023 21:10:30 UTC] PHP Fatal error:  Uncaught Error: Call to undefined function prer() in /Users/maazabul/AIO/apps/docs/functions/fun.php:81
Stack trace:
#0 /Users/maazabul/AIO/apps/docs/functions/fun.php(85): code('['name' => 'Del...')
#1 /Users/maazabul/AIO/apps/docs/functions/fun.php(112): docs_code('['name' => 'Del...')
#2 /Users/maazabul/AIO/apps/docs/pages/setup/configs.php(4): render_docs(Array)
#3 /Users/maazabul/AIO/core/core.php(161): require('/Users/maazabul...')
#4 /Users/maazabul/AIO/index.php(62): require('/Users/maazabul...')
#5 {main}
  thrown in /Users/maazabul/AIO/apps/docs/functions/fun.php on line 81
[19-Jun-2023 21:11:29 UTC] PHP Fatal error:  Uncaught Error: Call to undefined function prer() in /Users/maazabul/AIO/apps/docs/functions/fun.php:81
Stack trace:
#0 /Users/maazabul/AIO/apps/docs/functions/fun.php(85): code('<p>return [\n   ...')
#1 /Users/maazabul/AIO/apps/docs/functions/fun.php(112): docs_code('<p>return [\n   ...')
#2 /Users/maazabul/AIO/apps/docs/pages/setup/configs.php(4): render_docs(Array)
#3 /Users/maazabul/AIO/core/core.php(161): require('/Users/maazabul...')
#4 /Users/maazabul/AIO/index.php(62): require('/Users/maazabul...')
#5 {main}
  thrown in /Users/maazabul/AIO/apps/docs/functions/fun.php on line 81
[19-Jun-2023 21:11:30 UTC] PHP Fatal error:  Uncaught Error: Call to undefined function prer() in /Users/maazabul/AIO/apps/docs/functions/fun.php:81
Stack trace:
#0 /Users/maazabul/AIO/apps/docs/functions/fun.php(85): code('<p>return [\n   ...')
#1 /Users/maazabul/AIO/apps/docs/functions/fun.php(112): docs_code('<p>return [\n   ...')
#2 /Users/maazabul/AIO/apps/docs/pages/setup/configs.php(4): render_docs(Array)
#3 /Users/maazabul/AIO/core/core.php(161): require('/Users/maazabul...')
#4 /Users/maazabul/AIO/index.php(62): require('/Users/maazabul...')
#5 {main}
  thrown in /Users/maazabul/AIO/apps/docs/functions/fun.php on line 81
[19-Jun-2023 21:13:01 UTC] PHP Fatal error:  Uncaught Error: Call to undefined function prer() in /Users/maazabul/AIO/apps/docs/functions/fun.php:81
Stack trace:
#0 /Users/maazabul/AIO/apps/docs/functions/fun.php(85): code('<p></p>')
#1 /Users/maazabul/AIO/apps/docs/functions/fun.php(112): docs_code('<p></p>')
#2 /Users/maazabul/AIO/apps/docs/pages/setup/configs.php(4): render_docs(Array)
#3 /Users/maazabul/AIO/core/core.php(161): require('/Users/maazabul...')
#4 /Users/maazabul/AIO/index.php(62): require('/Users/maazabul...')
#5 {main}
  thrown in /Users/maazabul/AIO/apps/docs/functions/fun.php on line 81
[19-Jun-2023 21:13:01 UTC] PHP Fatal error:  Uncaught Error: Call to undefined function prer() in /Users/maazabul/AIO/apps/docs/functions/fun.php:81
Stack trace:
#0 /Users/maazabul/AIO/apps/docs/functions/fun.php(85): code('<p></p>')
#1 /Users/maazabul/AIO/apps/docs/functions/fun.php(112): docs_code('<p></p>')
#2 /Users/maazabul/AIO/apps/docs/pages/setup/configs.php(4): render_docs(Array)
#3 /Users/maazabul/AIO/core/core.php(161): require('/Users/maazabul...')
#4 /Users/maazabul/AIO/index.php(62): require('/Users/maazabul...')
#5 {main}
  thrown in /Users/maazabul/AIO/apps/docs/functions/fun.php on line 81
[19-Jun-2023 21:16:22 UTC] PHP Fatal error:  Uncaught Error: Call to undefined function prer() in /Users/maazabul/AIO/apps/docs/functions/fun.php:81
Stack trace:
#0 /Users/maazabul/AIO/apps/docs/functions/fun.php(85): code('<p>('name','del...')
#1 /Users/maazabul/AIO/apps/docs/functions/fun.php(112): docs_code('<p>('name','del...')
#2 /Users/maazabul/AIO/apps/docs/pages/setup/configs.php(8): render_docs(Array)
#3 /Users/maazabul/AIO/core/core.php(161): require('/Users/maazabul...')
#4 /Users/maazabul/AIO/index.php(62): require('/Users/maazabul...')
#5 {main}
  thrown in /Users/maazabul/AIO/apps/docs/functions/fun.php on line 81
[19-Jun-2023 21:16:23 UTC] PHP Fatal error:  Uncaught Error: Call to undefined function prer() in /Users/maazabul/AIO/apps/docs/functions/fun.php:81
Stack trace:
#0 /Users/maazabul/AIO/apps/docs/functions/fun.php(85): code('<p>('name','del...')
#1 /Users/maazabul/AIO/apps/docs/functions/fun.php(112): docs_code('<p>('name','del...')
#2 /Users/maazabul/AIO/apps/docs/pages/setup/configs.php(8): render_docs(Array)
#3 /Users/maazabul/AIO/core/core.php(161): require('/Users/maazabul...')
#4 /Users/maazabul/AIO/index.php(62): require('/Users/maazabul...')
#5 {main}
  thrown in /Users/maazabul/AIO/apps/docs/functions/fun.php on line 81
[19-Jun-2023 21:16:57 UTC] PHP Fatal error:  Uncaught Error: Call to undefined function prer() in /Users/maazabul/AIO/apps/docs/functions/fun.php:81
Stack trace:
#0 /Users/maazabul/AIO/apps/docs/functions/fun.php(85): code('web_app.com/abo...')
#1 /Users/maazabul/AIO/apps/docs/functions/fun.php(112): docs_code('web_app.com/abo...')
#2 /Users/maazabul/AIO/apps/docs/pages/setup/static.php(4): render_docs(Array)
#3 /Users/maazabul/AIO/core/core.php(161): require('/Users/maazabul...')
#4 /Users/maazabul/AIO/index.php(62): require('/Users/maazabul...')
#5 {main}
  thrown in /Users/maazabul/AIO/apps/docs/functions/fun.php on line 81
[19-Jun-2023 21:16:59 UTC] PHP Fatal error:  Uncaught Error: Call to undefined function prer() in /Users/maazabul/AIO/apps/docs/functions/fun.php:81
Stack trace:
#0 /Users/maazabul/AIO/apps/docs/functions/fun.php(85): code('my_app.com/stud...')
#1 /Users/maazabul/AIO/apps/docs/functions/fun.php(112): docs_code('my_app.com/stud...')
#2 /Users/maazabul/AIO/apps/docs/pages/setup/dynamic.php(4): render_docs(Array)
#3 /Users/maazabul/AIO/core/core.php(161): require('/Users/maazabul...')
#4 /Users/maazabul/AIO/index.php(62): require('/Users/maazabul...')
#5 {main}
  thrown in /Users/maazabul/AIO/apps/docs/functions/fun.php on line 81
[19-Jun-2023 21:17:06 UTC] PHP Fatal error:  Uncaught Error: Call to undefined function prer() in /Users/maazabul/AIO/apps/docs/functions/fun.php:81
Stack trace:
#0 /Users/maazabul/AIO/apps/docs/functions/fun.php(85): code('get_comp('add_u...')
#1 /Users/maazabul/AIO/apps/docs/functions/fun.php(112): docs_code('get_comp('add_u...')
#2 /Users/maazabul/AIO/apps/docs/pages/setup/components.php(4): render_docs(Array)
#3 /Users/maazabul/AIO/core/core.php(161): require('/Users/maazabul...')
#4 /Users/maazabul/AIO/index.php(62): require('/Users/maazabul...')
#5 {main}
  thrown in /Users/maazabul/AIO/apps/docs/functions/fun.php on line 81
[19-Jun-2023 21:17:07 UTC] PHP Fatal error:  Uncaught Error: Call to undefined function prer() in /Users/maazabul/AIO/apps/docs/functions/fun.php:81
Stack trace:
#0 /Users/maazabul/AIO/apps/docs/functions/fun.php(85): code('get_style();')
#1 /Users/maazabul/AIO/apps/docs/functions/fun.php(112): docs_code('get_style();')
#2 /Users/maazabul/AIO/apps/docs/pages/setup/assets.php(4): render_docs(Array)
#3 /Users/maazabul/AIO/core/core.php(161): require('/Users/maazabul...')
#4 /Users/maazabul/AIO/index.php(62): require('/Users/maazabul...')
#5 {main}
  thrown in /Users/maazabul/AIO/apps/docs/functions/fun.php on line 81
[19-Jun-2023 21:17:24 UTC] PHP Fatal error:  Uncaught Error: Call to undefined function prer() in /Users/maazabul/AIO/apps/docs/functions/fun.php:81
Stack trace:
#0 /Users/maazabul/AIO/apps/docs/functions/fun.php(85): code('get_style();')
#1 /Users/maazabul/AIO/apps/docs/functions/fun.php(112): docs_code('get_style();')
#2 /Users/maazabul/AIO/apps/docs/pages/setup/assets.php(4): render_docs(Array)
#3 /Users/maazabul/AIO/core/core.php(161): require('/Users/maazabul...')
#4 /Users/maazabul/AIO/index.php(62): require('/Users/maazabul...')
#5 {main}
  thrown in /Users/maazabul/AIO/apps/docs/functions/fun.php on line 81
[19-Jun-2023 21:17:29 UTC] PHP Fatal error:  Uncaught Error: Call to undefined function prer() in /Users/maazabul/AIO/apps/docs/functions/fun.php:81
Stack trace:
#0 /Users/maazabul/AIO/apps/docs/functions/fun.php(85): code('reset_styles();')
#1 /Users/maazabul/AIO/apps/docs/functions/fun.php(112): docs_code('reset_styles();')
#2 /Users/maazabul/AIO/apps/docs/pages/code/reset.php(4): render_docs(Array)
#3 /Users/maazabul/AIO/core/core.php(161): require('/Users/maazabul...')
#4 /Users/maazabul/AIO/index.php(62): require('/Users/maazabul...')
#5 {main}
  thrown in /Users/maazabul/AIO/apps/docs/functions/fun.php on line 81
[19-Jun-2023 21:21:55 UTC] PHP Fatal error:  Uncaught Error: Call to undefined function prer() in /Users/maazabul/AIO/apps/docs/functions/fun.php:81
Stack trace:
#0 /Users/maazabul/AIO/apps/docs/functions/fun.php(85): code('')
#1 /Users/maazabul/AIO/apps/docs/functions/fun.php(112): docs_code('')
#2 /Users/maazabul/AIO/apps/docs/pages/setup/configs.php(8): render_docs(Array)
#3 /Users/maazabul/AIO/core/core.php(161): require('/Users/maazabul...')
#4 /Users/maazabul/AIO/index.php(62): require('/Users/maazabul...')
#5 {main}
  thrown in /Users/maazabul/AIO/apps/docs/functions/fun.php on line 81
[19-Jun-2023 21:22:00 UTC] PHP Fatal error:  Uncaught Error: Call to undefined function prer() in /Users/maazabul/AIO/apps/docs/functions/fun.php:81
Stack trace:
#0 /Users/maazabul/AIO/apps/docs/functions/fun.php(85): code('')
#1 /Users/maazabul/AIO/apps/docs/functions/fun.php(112): docs_code('')
#2 /Users/maazabul/AIO/apps/docs/pages/setup/configs.php(8): render_docs(Array)
#3 /Users/maazabul/AIO/core/core.php(161): require('/Users/maazabul...')
#4 /Users/maazabul/AIO/index.php(62): require('/Users/maazabul...')
#5 {main}
  thrown in /Users/maazabul/AIO/apps/docs/functions/fun.php on line 81
[19-Jun-2023 21:22:18 UTC] PHP Fatal error:  Uncaught Error: Call to undefined function prer() in /Users/maazabul/AIO/apps/docs/functions/fun.php:81
Stack trace:
#0 /Users/maazabul/AIO/apps/docs/functions/fun.php(85): code('hi')
#1 /Users/maazabul/AIO/apps/docs/functions/fun.php(112): docs_code('hi')
#2 /Users/maazabul/AIO/apps/docs/pages/setup/configs.php(8): render_docs(Array)
#3 /Users/maazabul/AIO/core/core.php(161): require('/Users/maazabul...')
#4 /Users/maazabul/AIO/index.php(62): require('/Users/maazabul...')
#5 {main}
  thrown in /Users/maazabul/AIO/apps/docs/functions/fun.php on line 81
[19-Jun-2023 21:22:19 UTC] PHP Fatal error:  Uncaught Error: Call to undefined function prer() in /Users/maazabul/AIO/apps/docs/functions/fun.php:81
Stack trace:
#0 /Users/maazabul/AIO/apps/docs/functions/fun.php(85): code('hi')
#1 /Users/maazabul/AIO/apps/docs/functions/fun.php(112): docs_code('hi')
#2 /Users/maazabul/AIO/apps/docs/pages/setup/configs.php(8): render_docs(Array)
#3 /Users/maazabul/AIO/core/core.php(161): require('/Users/maazabul...')
#4 /Users/maazabul/AIO/index.php(62): require('/Users/maazabul...')
#5 {main}
  thrown in /Users/maazabul/AIO/apps/docs/functions/fun.php on line 81
[19-Jun-2023 21:23:23 UTC] PHP Fatal error:  Uncaught Error: Call to undefined function prer() in /Users/maazabul/AIO/apps/docs/functions/fun.php:81
Stack trace:
#0 /Users/maazabul/AIO/apps/docs/functions/fun.php(85): code('get_comp('add_u...')
#1 /Users/maazabul/AIO/apps/docs/functions/fun.php(112): docs_code('get_comp('add_u...')
#2 /Users/maazabul/AIO/apps/docs/pages/setup/configs.php(7): render_docs(Array)
#3 /Users/maazabul/AIO/core/core.php(161): require('/Users/maazabul...')
#4 /Users/maazabul/AIO/index.php(62): require('/Users/maazabul...')
#5 {main}
  thrown in /Users/maazabul/AIO/apps/docs/functions/fun.php on line 81
[19-Jun-2023 21:23:24 UTC] PHP Fatal error:  Uncaught Error: Call to undefined function prer() in /Users/maazabul/AIO/apps/docs/functions/fun.php:81
Stack trace:
#0 /Users/maazabul/AIO/apps/docs/functions/fun.php(85): code('get_comp('add_u...')
#1 /Users/maazabul/AIO/apps/docs/functions/fun.php(112): docs_code('get_comp('add_u...')
#2 /Users/maazabul/AIO/apps/docs/pages/setup/configs.php(7): render_docs(Array)
#3 /Users/maazabul/AIO/core/core.php(161): require('/Users/maazabul...')
#4 /Users/maazabul/AIO/index.php(62): require('/Users/maazabul...')
#5 {main}
  thrown in /Users/maazabul/AIO/apps/docs/functions/fun.php on line 81
[19-Jun-2023 21:24:04 UTC] PHP Fatal error:  Uncaught Error: Call to undefined function prer() in /Users/maazabul/AIO/apps/docs/functions/fun.php:81
Stack trace:
#0 /Users/maazabul/AIO/apps/docs/functions/fun.php(85): code('get_comp('add_u...')
#1 /Users/maazabul/AIO/apps/docs/functions/fun.php(112): docs_code('get_comp('add_u...')
#2 /Users/maazabul/AIO/apps/docs/pages/setup/configs.php(7): render_docs(Array)
#3 /Users/maazabul/AIO/core/core.php(161): require('/Users/maazabul...')
#4 /Users/maazabul/AIO/index.php(62): require('/Users/maazabul...')
#5 {main}
  thrown in /Users/maazabul/AIO/apps/docs/functions/fun.php on line 81
[19-Jun-2023 21:24:04 UTC] PHP Fatal error:  Uncaught Error: Call to undefined function prer() in /Users/maazabul/AIO/apps/docs/functions/fun.php:81
Stack trace:
#0 /Users/maazabul/AIO/apps/docs/functions/fun.php(85): code('get_comp('add_u...')
#1 /Users/maazabul/AIO/apps/docs/functions/fun.php(112): docs_code('get_comp('add_u...')
#2 /Users/maazabul/AIO/apps/docs/pages/setup/configs.php(7): render_docs(Array)
#3 /Users/maazabul/AIO/core/core.php(161): require('/Users/maazabul...')
#4 /Users/maazabul/AIO/index.php(62): require('/Users/maazabul...')
#5 {main}
  thrown in /Users/maazabul/AIO/apps/docs/functions/fun.php on line 81
[19-Jun-2023 21:24:11 UTC] PHP Fatal error:  Uncaught Error: Call to undefined function prer() in /Users/maazabul/AIO/apps/docs/functions/fun.php:81
Stack trace:
#0 /Users/maazabul/AIO/apps/docs/functions/fun.php(85): code('get_comp('add_u...')
#1 /Users/maazabul/AIO/apps/docs/functions/fun.php(112): docs_code('get_comp('add_u...')
#2 /Users/maazabul/AIO/apps/docs/pages/setup/configs.php(7): render_docs(Array)
#3 /Users/maazabul/AIO/core/core.php(161): require('/Users/maazabul...')
#4 /Users/maazabul/AIO/index.php(62): require('/Users/maazabul...')
#5 {main}
  thrown in /Users/maazabul/AIO/apps/docs/functions/fun.php on line 81
[19-Jun-2023 21:24:20 UTC] PHP Fatal error:  Uncaught Error: Call to undefined function prer() in /Users/maazabul/AIO/apps/docs/functions/fun.php:81
Stack trace:
#0 /Users/maazabul/AIO/apps/docs/functions/fun.php(85): code('get_comp('add_u...')
#1 /Users/maazabul/AIO/apps/docs/functions/fun.php(112): docs_code('get_comp('add_u...')
#2 /Users/maazabul/AIO/apps/docs/pages/setup/configs.php(7): render_docs(Array)
#3 /Users/maazabul/AIO/core/core.php(161): require('/Users/maazabul...')
#4 /Users/maazabul/AIO/index.php(62): require('/Users/maazabul...')
#5 {main}
  thrown in /Users/maazabul/AIO/apps/docs/functions/fun.php on line 81
[19-Jun-2023 21:24:24 UTC] PHP Fatal error:  Uncaught Error: Call to undefined function prer() in /Users/maazabul/AIO/apps/docs/functions/fun.php:81
Stack trace:
#0 /Users/maazabul/AIO/apps/docs/functions/fun.php(85): code('get_comp('add_u...')
#1 /Users/maazabul/AIO/apps/docs/functions/fun.php(112): docs_code('get_comp('add_u...')
#2 /Users/maazabul/AIO/apps/docs/pages/setup/configs.php(7): render_docs(Array)
#3 /Users/maazabul/AIO/core/core.php(161): require('/Users/maazabul...')
#4 /Users/maazabul/AIO/index.php(62): require('/Users/maazabul...')
#5 {main}
  thrown in /Users/maazabul/AIO/apps/docs/functions/fun.php on line 81
[19-Jun-2023 21:30:39 UTC] PHP Fatal error:  Uncaught TypeError: docs_content(): Argument #1 ($content) must be of type array|string, null given, called in /Users/maazabul/AIO/apps/docs/functions/fun.php on line 128 and defined in /Users/maazabul/AIO/apps/docs/functions/fun.php:45
Stack trace:
#0 /Users/maazabul/AIO/apps/docs/functions/fun.php(128): docs_content(NULL, '')
#1 /Users/maazabul/AIO/apps/docs/pages/setup/configs.php(22): render_docs(Array)
#2 /Users/maazabul/AIO/core/core.php(161): require('/Users/maazabul...')
#3 /Users/maazabul/AIO/index.php(62): require('/Users/maazabul...')
#4 {main}
  thrown in /Users/maazabul/AIO/apps/docs/functions/fun.php on line 45
[19-Jun-2023 21:30:41 UTC] PHP Fatal error:  Uncaught TypeError: docs_content(): Argument #1 ($content) must be of type array|string, null given, called in /Users/maazabul/AIO/apps/docs/functions/fun.php on line 128 and defined in /Users/maazabul/AIO/apps/docs/functions/fun.php:45
Stack trace:
#0 /Users/maazabul/AIO/apps/docs/functions/fun.php(128): docs_content(NULL, '')
#1 /Users/maazabul/AIO/apps/docs/pages/setup/configs.php(22): render_docs(Array)
#2 /Users/maazabul/AIO/core/core.php(161): require('/Users/maazabul...')
#3 /Users/maazabul/AIO/index.php(62): require('/Users/maazabul...')
#4 {main}
  thrown in /Users/maazabul/AIO/apps/docs/functions/fun.php on line 45
[19-Jun-2023 21:31:44 UTC] PHP Warning:  Undefined array key 0 in /Users/maazabul/AIO/apps/docs/functions/fun.php on line 126
[19-Jun-2023 21:32:31 UTC] PHP Warning:  Undefined array key 0 in /Users/maazabul/AIO/apps/docs/functions/fun.php on line 126
[19-Jun-2023 21:34:50 UTC] PHP Fatal error:  Uncaught TypeError: docs_code(): Argument #1 ($code) must be of type string, array given, called in /Users/maazabul/AIO/apps/docs/functions/fun.php on line 112 and defined in /Users/maazabul/AIO/apps/docs/functions/fun.php:84
Stack trace:
#0 /Users/maazabul/AIO/apps/docs/functions/fun.php(112): docs_code(Array)
#1 /Users/maazabul/AIO/apps/docs/pages/setup/configs.php(7): render_docs(Array)
#2 /Users/maazabul/AIO/core/core.php(161): require('/Users/maazabul...')
#3 /Users/maazabul/AIO/index.php(62): require('/Users/maazabul...')
#4 {main}
  thrown in /Users/maazabul/AIO/apps/docs/functions/fun.php on line 84
[19-Jun-2023 21:35:12 UTC] PHP Fatal error:  Uncaught Error: Call to undefined function prer() in /Users/maazabul/AIO/apps/docs/functions/fun.php:81
Stack trace:
#0 /Users/maazabul/AIO/apps/docs/functions/fun.php(85): code(''name' => 'deli...')
#1 /Users/maazabul/AIO/apps/docs/functions/fun.php(112): docs_code(''name' => 'deli...')
#2 /Users/maazabul/AIO/apps/docs/pages/setup/configs.php(7): render_docs(Array)
#3 /Users/maazabul/AIO/core/core.php(161): require('/Users/maazabul...')
#4 /Users/maazabul/AIO/index.php(62): require('/Users/maazabul...')
#5 {main}
  thrown in /Users/maazabul/AIO/apps/docs/functions/fun.php on line 81
[19-Jun-2023 21:35:13 UTC] PHP Fatal error:  Uncaught Error: Call to undefined function prer() in /Users/maazabul/AIO/apps/docs/functions/fun.php:81
Stack trace:
#0 /Users/maazabul/AIO/apps/docs/functions/fun.php(85): code(''name' => 'deli...')
#1 /Users/maazabul/AIO/apps/docs/functions/fun.php(112): docs_code(''name' => 'deli...')
#2 /Users/maazabul/AIO/apps/docs/pages/setup/configs.php(7): render_docs(Array)
#3 /Users/maazabul/AIO/core/core.php(161): require('/Users/maazabul...')
#4 /Users/maazabul/AIO/index.php(62): require('/Users/maazabul...')
#5 {main}
  thrown in /Users/maazabul/AIO/apps/docs/functions/fun.php on line 81
[19-Jun-2023 21:35:27 UTC] PHP Fatal error:  Uncaught Error: Call to undefined function prer() in /Users/maazabul/AIO/apps/docs/functions/fun.php:81
Stack trace:
#0 /Users/maazabul/AIO/apps/docs/functions/fun.php(85): code(''name' => 'deli...')
#1 /Users/maazabul/AIO/apps/docs/functions/fun.php(112): docs_code(''name' => 'deli...')
#2 /Users/maazabul/AIO/apps/docs/pages/setup/configs.php(7): render_docs(Array)
#3 /Users/maazabul/AIO/core/core.php(161): require('/Users/maazabul...')
#4 /Users/maazabul/AIO/index.php(62): require('/Users/maazabul...')
#5 {main}
  thrown in /Users/maazabul/AIO/apps/docs/functions/fun.php on line 81
[19-Jun-2023 21:35:27 UTC] PHP Fatal error:  Uncaught Error: Call to undefined function prer() in /Users/maazabul/AIO/apps/docs/functions/fun.php:81
Stack trace:
#0 /Users/maazabul/AIO/apps/docs/functions/fun.php(85): code(''name' => 'deli...')
#1 /Users/maazabul/AIO/apps/docs/functions/fun.php(112): docs_code(''name' => 'deli...')
#2 /Users/maazabul/AIO/apps/docs/pages/setup/configs.php(7): render_docs(Array)
#3 /Users/maazabul/AIO/core/core.php(161): require('/Users/maazabul...')
#4 /Users/maazabul/AIO/index.php(62): require('/Users/maazabul...')
#5 {main}
  thrown in /Users/maazabul/AIO/apps/docs/functions/fun.php on line 81
[19-Jun-2023 21:36:01 UTC] PHP Fatal error:  Uncaught Error: Call to undefined function prer() in /Users/maazabul/AIO/apps/docs/functions/fun.php:81
Stack trace:
#0 /Users/maazabul/AIO/apps/docs/functions/fun.php(85): code(''name' => 'deli...')
#1 /Users/maazabul/AIO/apps/docs/functions/fun.php(112): docs_code(''name' => 'deli...')
#2 /Users/maazabul/AIO/apps/docs/pages/setup/configs.php(5): render_docs(Array)
#3 /Users/maazabul/AIO/core/core.php(161): require('/Users/maazabul...')
#4 /Users/maazabul/AIO/index.php(62): require('/Users/maazabul...')
#5 {main}
  thrown in /Users/maazabul/AIO/apps/docs/functions/fun.php on line 81
[19-Jun-2023 21:36:08 UTC] PHP Fatal error:  Uncaught Error: Call to undefined function prer() in /Users/maazabul/AIO/apps/docs/functions/fun.php:81
Stack trace:
#0 /Users/maazabul/AIO/apps/docs/functions/fun.php(85): code(''name' => 'deli...')
#1 /Users/maazabul/AIO/apps/docs/functions/fun.php(112): docs_code(''name' => 'deli...')
#2 /Users/maazabul/AIO/apps/docs/pages/setup/configs.php(5): render_docs(Array)
#3 /Users/maazabul/AIO/core/core.php(161): require('/Users/maazabul...')
#4 /Users/maazabul/AIO/index.php(62): require('/Users/maazabul...')
#5 {main}
  thrown in /Users/maazabul/AIO/apps/docs/functions/fun.php on line 81
[19-Jun-2023 21:36:09 UTC] PHP Fatal error:  Uncaught Error: Call to undefined function prer() in /Users/maazabul/AIO/apps/docs/functions/fun.php:81
Stack trace:
#0 /Users/maazabul/AIO/apps/docs/functions/fun.php(85): code(''name' => 'deli...')
#1 /Users/maazabul/AIO/apps/docs/functions/fun.php(112): docs_code(''name' => 'deli...')
#2 /Users/maazabul/AIO/apps/docs/pages/setup/configs.php(5): render_docs(Array)
#3 /Users/maazabul/AIO/core/core.php(161): require('/Users/maazabul...')
#4 /Users/maazabul/AIO/index.php(62): require('/Users/maazabul...')
#5 {main}
  thrown in /Users/maazabul/AIO/apps/docs/functions/fun.php on line 81
[19-Jun-2023 21:36:58 UTC] PHP Fatal error:  Uncaught Error: Call to undefined function prer() in /Users/maazabul/AIO/apps/docs/functions/fun.php:81
Stack trace:
#0 /Users/maazabul/AIO/apps/docs/functions/fun.php(85): code(''name' => 'deli...')
#1 /Users/maazabul/AIO/apps/docs/functions/fun.php(112): docs_code(''name' => 'deli...')
#2 /Users/maazabul/AIO/apps/docs/pages/setup/configs.php(5): render_docs(Array)
#3 /Users/maazabul/AIO/core/core.php(161): require('/Users/maazabul...')
#4 /Users/maazabul/AIO/index.php(62): require('/Users/maazabul...')
#5 {main}
  thrown in /Users/maazabul/AIO/apps/docs/functions/fun.php on line 81
[19-Jun-2023 21:36:58 UTC] PHP Fatal error:  Uncaught Error: Call to undefined function prer() in /Users/maazabul/AIO/apps/docs/functions/fun.php:81
Stack trace:
#0 /Users/maazabul/AIO/apps/docs/functions/fun.php(85): code(''name' => 'deli...')
#1 /Users/maazabul/AIO/apps/docs/functions/fun.php(112): docs_code(''name' => 'deli...')
#2 /Users/maazabul/AIO/apps/docs/pages/setup/configs.php(5): render_docs(Array)
#3 /Users/maazabul/AIO/core/core.php(161): require('/Users/maazabul...')
#4 /Users/maazabul/AIO/index.php(62): require('/Users/maazabul...')
#5 {main}
  thrown in /Users/maazabul/AIO/apps/docs/functions/fun.php on line 81
[20-Jun-2023 08:06:30 UTC] PHP Fatal error:  Uncaught TypeError: docs_code(): Argument #1 ($code) must be of type string, array given, called in /Users/maazabul/AIO/apps/docs/functions/fun.php on line 112 and defined in /Users/maazabul/AIO/apps/docs/functions/fun.php:84
Stack trace:
#0 /Users/maazabul/AIO/apps/docs/functions/fun.php(112): docs_code(Array)
#1 /Users/maazabul/AIO/apps/docs/pages/setup/configs.php(7): render_docs(Array)
#2 /Users/maazabul/AIO/core/core.php(161): require('/Users/maazabul...')
#3 /Users/maazabul/AIO/index.php(62): require('/Users/maazabul...')
#4 {main}
  thrown in /Users/maazabul/AIO/apps/docs/functions/fun.php on line 84
[20-Jun-2023 08:06:31 UTC] PHP Fatal error:  Uncaught TypeError: docs_code(): Argument #1 ($code) must be of type string, array given, called in /Users/maazabul/AIO/apps/docs/functions/fun.php on line 112 and defined in /Users/maazabul/AIO/apps/docs/functions/fun.php:84
Stack trace:
#0 /Users/maazabul/AIO/apps/docs/functions/fun.php(112): docs_code(Array)
#1 /Users/maazabul/AIO/apps/docs/pages/setup/configs.php(7): render_docs(Array)
#2 /Users/maazabul/AIO/core/core.php(161): require('/Users/maazabul...')
#3 /Users/maazabul/AIO/index.php(62): require('/Users/maazabul...')
#4 {main}
  thrown in /Users/maazabul/AIO/apps/docs/functions/fun.php on line 84
[20-Jun-2023 08:06:32 UTC] PHP Fatal error:  Uncaught TypeError: docs_code(): Argument #1 ($code) must be of type string, array given, called in /Users/maazabul/AIO/apps/docs/functions/fun.php on line 112 and defined in /Users/maazabul/AIO/apps/docs/functions/fun.php:84
Stack trace:
#0 /Users/maazabul/AIO/apps/docs/functions/fun.php(112): docs_code(Array)
#1 /Users/maazabul/AIO/apps/docs/pages/setup/configs.php(7): render_docs(Array)
#2 /Users/maazabul/AIO/core/core.php(161): require('/Users/maazabul...')
#3 /Users/maazabul/AIO/index.php(62): require('/Users/maazabul...')
#4 {main}
  thrown in /Users/maazabul/AIO/apps/docs/functions/fun.php on line 84
[20-Jun-2023 08:07:23 UTC] PHP Warning:  Undefined array key 1 in /Users/maazabul/AIO/apps/docs/functions/fun.php on line 112
[20-Jun-2023 08:07:23 UTC] PHP Fatal error:  Uncaught TypeError: docs_code(): Argument #1 ($code) must be of type string, null given, called in /Users/maazabul/AIO/apps/docs/functions/fun.php on line 112 and defined in /Users/maazabul/AIO/apps/docs/functions/fun.php:84
Stack trace:
#0 /Users/maazabul/AIO/apps/docs/functions/fun.php(112): docs_code(NULL)
#1 /Users/maazabul/AIO/apps/docs/pages/setup/configs.php(7): render_docs(Array)
#2 /Users/maazabul/AIO/core/core.php(161): require('/Users/maazabul...')
#3 /Users/maazabul/AIO/index.php(62): require('/Users/maazabul...')
#4 {main}
  thrown in /Users/maazabul/AIO/apps/docs/functions/fun.php on line 84
[20-Jun-2023 08:07:23 UTC] PHP Warning:  Undefined array key 1 in /Users/maazabul/AIO/apps/docs/functions/fun.php on line 112
[20-Jun-2023 08:07:23 UTC] PHP Fatal error:  Uncaught TypeError: docs_code(): Argument #1 ($code) must be of type string, null given, called in /Users/maazabul/AIO/apps/docs/functions/fun.php on line 112 and defined in /Users/maazabul/AIO/apps/docs/functions/fun.php:84
Stack trace:
#0 /Users/maazabul/AIO/apps/docs/functions/fun.php(112): docs_code(NULL)
#1 /Users/maazabul/AIO/apps/docs/pages/setup/configs.php(7): render_docs(Array)
#2 /Users/maazabul/AIO/core/core.php(161): require('/Users/maazabul...')
#3 /Users/maazabul/AIO/index.php(62): require('/Users/maazabul...')
#4 {main}
  thrown in /Users/maazabul/AIO/apps/docs/functions/fun.php on line 84
[20-Jun-2023 08:07:35 UTC] PHP Fatal error:  Uncaught Error: Call to undefined function prer() in /Users/maazabul/AIO/apps/docs/functions/fun.php:81
Stack trace:
#0 /Users/maazabul/AIO/apps/docs/functions/fun.php(85): code(''name' => 'deli...')
#1 /Users/maazabul/AIO/apps/docs/functions/fun.php(112): docs_code(''name' => 'deli...')
#2 /Users/maazabul/AIO/apps/docs/pages/setup/configs.php(7): render_docs(Array)
#3 /Users/maazabul/AIO/core/core.php(161): require('/Users/maazabul...')
#4 /Users/maazabul/AIO/index.php(62): require('/Users/maazabul...')
#5 {main}
  thrown in /Users/maazabul/AIO/apps/docs/functions/fun.php on line 81
[20-Jun-2023 08:07:35 UTC] PHP Fatal error:  Uncaught Error: Call to undefined function prer() in /Users/maazabul/AIO/apps/docs/functions/fun.php:81
Stack trace:
#0 /Users/maazabul/AIO/apps/docs/functions/fun.php(85): code(''name' => 'deli...')
#1 /Users/maazabul/AIO/apps/docs/functions/fun.php(112): docs_code(''name' => 'deli...')
#2 /Users/maazabul/AIO/apps/docs/pages/setup/configs.php(7): render_docs(Array)
#3 /Users/maazabul/AIO/core/core.php(161): require('/Users/maazabul...')
#4 /Users/maazabul/AIO/index.php(62): require('/Users/maazabul...')
#5 {main}
  thrown in /Users/maazabul/AIO/apps/docs/functions/fun.php on line 81
[20-Jun-2023 08:07:35 UTC] PHP Fatal error:  Uncaught Error: Call to undefined function prer() in /Users/maazabul/AIO/apps/docs/functions/fun.php:81
Stack trace:
#0 /Users/maazabul/AIO/apps/docs/functions/fun.php(85): code(''name' => 'deli...')
#1 /Users/maazabul/AIO/apps/docs/functions/fun.php(112): docs_code(''name' => 'deli...')
#2 /Users/maazabul/AIO/apps/docs/pages/setup/configs.php(7): render_docs(Array)
#3 /Users/maazabul/AIO/core/core.php(161): require('/Users/maazabul...')
#4 /Users/maazabul/AIO/index.php(62): require('/Users/maazabul...')
#5 {main}
  thrown in /Users/maazabul/AIO/apps/docs/functions/fun.php on line 81
[20-Jun-2023 08:07:36 UTC] PHP Fatal error:  Uncaught Error: Call to undefined function prer() in /Users/maazabul/AIO/apps/docs/functions/fun.php:81
Stack trace:
#0 /Users/maazabul/AIO/apps/docs/functions/fun.php(85): code(''name' => 'deli...')
#1 /Users/maazabul/AIO/apps/docs/functions/fun.php(112): docs_code(''name' => 'deli...')
#2 /Users/maazabul/AIO/apps/docs/pages/setup/configs.php(7): render_docs(Array)
#3 /Users/maazabul/AIO/core/core.php(161): require('/Users/maazabul...')
#4 /Users/maazabul/AIO/index.php(62): require('/Users/maazabul...')
#5 {main}
  thrown in /Users/maazabul/AIO/apps/docs/functions/fun.php on line 81
[20-Jun-2023 08:08:31 UTC] PHP Fatal error:  Uncaught Error: Call to undefined function prer() in /Users/maazabul/AIO/apps/docs/functions/fun.php:81
Stack trace:
#0 /Users/maazabul/AIO/apps/docs/functions/fun.php(85): code('my_app.com/stud...')
#1 /Users/maazabul/AIO/apps/docs/functions/fun.php(112): docs_code('my_app.com/stud...')
#2 /Users/maazabul/AIO/apps/docs/pages/setup/configs.php(7): render_docs(Array)
#3 /Users/maazabul/AIO/core/core.php(161): require('/Users/maazabul...')
#4 /Users/maazabul/AIO/index.php(62): require('/Users/maazabul...')
#5 {main}
  thrown in /Users/maazabul/AIO/apps/docs/functions/fun.php on line 81
[20-Jun-2023 08:08:31 UTC] PHP Fatal error:  Uncaught Error: Call to undefined function prer() in /Users/maazabul/AIO/apps/docs/functions/fun.php:81
Stack trace:
#0 /Users/maazabul/AIO/apps/docs/functions/fun.php(85): code('my_app.com/stud...')
#1 /Users/maazabul/AIO/apps/docs/functions/fun.php(112): docs_code('my_app.com/stud...')
#2 /Users/maazabul/AIO/apps/docs/pages/setup/configs.php(7): render_docs(Array)
#3 /Users/maazabul/AIO/core/core.php(161): require('/Users/maazabul...')
#4 /Users/maazabul/AIO/index.php(62): require('/Users/maazabul...')
#5 {main}
  thrown in /Users/maazabul/AIO/apps/docs/functions/fun.php on line 81
[20-Jun-2023 08:08:32 UTC] PHP Fatal error:  Uncaught Error: Call to undefined function prer() in /Users/maazabul/AIO/apps/docs/functions/fun.php:81
Stack trace:
#0 /Users/maazabul/AIO/apps/docs/functions/fun.php(85): code('my_app.com/stud...')
#1 /Users/maazabul/AIO/apps/docs/functions/fun.php(112): docs_code('my_app.com/stud...')
#2 /Users/maazabul/AIO/apps/docs/pages/setup/configs.php(7): render_docs(Array)
#3 /Users/maazabul/AIO/core/core.php(161): require('/Users/maazabul...')
#4 /Users/maazabul/AIO/index.php(62): require('/Users/maazabul...')
#5 {main}
  thrown in /Users/maazabul/AIO/apps/docs/functions/fun.php on line 81
[20-Jun-2023 08:08:33 UTC] PHP Fatal error:  Uncaught Error: Call to undefined function prer() in /Users/maazabul/AIO/apps/docs/functions/fun.php:81
Stack trace:
#0 /Users/maazabul/AIO/apps/docs/functions/fun.php(85): code('my_app.com/stud...')
#1 /Users/maazabul/AIO/apps/docs/functions/fun.php(112): docs_code('my_app.com/stud...')
#2 /Users/maazabul/AIO/apps/docs/pages/setup/configs.php(7): render_docs(Array)
#3 /Users/maazabul/AIO/core/core.php(161): require('/Users/maazabul...')
#4 /Users/maazabul/AIO/index.php(62): require('/Users/maazabul...')
#5 {main}
  thrown in /Users/maazabul/AIO/apps/docs/functions/fun.php on line 81
[20-Jun-2023 08:23:18 UTC] PHP Fatal error:  Uncaught Error: Call to undefined function prer() in /Users/maazabul/AIO/apps/docs/functions/fun.php:81
Stack trace:
#0 /Users/maazabul/AIO/apps/docs/functions/fun.php(85): code('my_app.com/stud...')
#1 /Users/maazabul/AIO/apps/docs/functions/fun.php(112): docs_code('my_app.com/stud...')
#2 /Users/maazabul/AIO/apps/docs/pages/setup/configs.php(7): render_docs(Array)
#3 /Users/maazabul/AIO/core/core.php(161): require('/Users/maazabul...')
#4 /Users/maazabul/AIO/index.php(62): require('/Users/maazabul...')
#5 {main}
  thrown in /Users/maazabul/AIO/apps/docs/functions/fun.php on line 81
[20-Jun-2023 08:23:53 UTC] PHP Fatal error:  Uncaught Error: Call to undefined function prer() in /Users/maazabul/AIO/apps/docs/functions/fun.php:81
Stack trace:
#0 /Users/maazabul/AIO/apps/docs/functions/fun.php(85): code('51110')
#1 /Users/maazabul/AIO/apps/docs/functions/fun.php(112): docs_code('51110')
#2 /Users/maazabul/AIO/apps/docs/pages/setup/configs.php(7): render_docs(Array)
#3 /Users/maazabul/AIO/core/core.php(161): require('/Users/maazabul...')
#4 /Users/maazabul/AIO/index.php(62): require('/Users/maazabul...')
#5 {main}
  thrown in /Users/maazabul/AIO/apps/docs/functions/fun.php on line 81
[20-Jun-2023 08:24:09 UTC] PHP Fatal error:  Uncaught Error: Call to undefined function prer() in /Users/maazabul/AIO/apps/docs/functions/fun.php:81
Stack trace:
#0 /Users/maazabul/AIO/apps/docs/functions/fun.php(85): code('51110')
#1 /Users/maazabul/AIO/apps/docs/functions/fun.php(112): docs_code('51110')
#2 /Users/maazabul/AIO/apps/docs/pages/setup/configs.php(7): render_docs(Array)
#3 /Users/maazabul/AIO/core/core.php(161): require('/Users/maazabul...')
#4 /Users/maazabul/AIO/index.php(62): require('/Users/maazabul...')
#5 {main}
  thrown in /Users/maazabul/AIO/apps/docs/functions/fun.php on line 81
[20-Jun-2023 08:24:43 UTC] PHP Fatal error:  Uncaught Error: Call to undefined function prer() in /Users/maazabul/AIO/apps/docs/functions/fun.php:81
Stack trace:
#0 /Users/maazabul/AIO/apps/docs/functions/fun.php(85): code('51110')
#1 /Users/maazabul/AIO/apps/docs/functions/fun.php(112): docs_code('51110')
#2 /Users/maazabul/AIO/apps/docs/pages/setup/configs.php(7): render_docs(Array)
#3 /Users/maazabul/AIO/core/core.php(161): require('/Users/maazabul...')
#4 /Users/maazabul/AIO/index.php(62): require('/Users/maazabul...')
#5 {main}
  thrown in /Users/maazabul/AIO/apps/docs/functions/fun.php on line 81
[20-Jun-2023 08:24:44 UTC] PHP Fatal error:  Uncaught Error: Call to undefined function prer() in /Users/maazabul/AIO/apps/docs/functions/fun.php:81
Stack trace:
#0 /Users/maazabul/AIO/apps/docs/functions/fun.php(85): code('51110')
#1 /Users/maazabul/AIO/apps/docs/functions/fun.php(112): docs_code('51110')
#2 /Users/maazabul/AIO/apps/docs/pages/setup/configs.php(7): render_docs(Array)
#3 /Users/maazabul/AIO/core/core.php(161): require('/Users/maazabul...')
#4 /Users/maazabul/AIO/index.php(62): require('/Users/maazabul...')
#5 {main}
  thrown in /Users/maazabul/AIO/apps/docs/functions/fun.php on line 81
[20-Jun-2023 08:24:44 UTC] PHP Fatal error:  Uncaught Error: Call to undefined function prer() in /Users/maazabul/AIO/apps/docs/functions/fun.php:81
Stack trace:
#0 /Users/maazabul/AIO/apps/docs/functions/fun.php(85): code('51110')
#1 /Users/maazabul/AIO/apps/docs/functions/fun.php(112): docs_code('51110')
#2 /Users/maazabul/AIO/apps/docs/pages/setup/configs.php(7): render_docs(Array)
#3 /Users/maazabul/AIO/core/core.php(161): require('/Users/maazabul...')
#4 /Users/maazabul/AIO/index.php(62): require('/Users/maazabul...')
#5 {main}
  thrown in /Users/maazabul/AIO/apps/docs/functions/fun.php on line 81
[20-Jun-2023 08:25:34 UTC] PHP Fatal error:  Uncaught Error: Call to undefined function prer() in /Users/maazabul/AIO/apps/docs/functions/fun.php:81
Stack trace:
#0 /Users/maazabul/AIO/apps/docs/functions/fun.php(85): code('51110')
#1 /Users/maazabul/AIO/apps/docs/functions/fun.php(112): docs_code('51110')
#2 /Users/maazabul/AIO/apps/docs/pages/setup/configs.php(7): render_docs(Array)
#3 /Users/maazabul/AIO/core/core.php(161): require('/Users/maazabul...')
#4 /Users/maazabul/AIO/index.php(62): require('/Users/maazabul...')
#5 {main}
  thrown in /Users/maazabul/AIO/apps/docs/functions/fun.php on line 81
[21-Jun-2023 19:52:22 UTC] PHP Warning:  Undefined array key 0 in /Users/maazabul/AIO/apps/docs/functions/fun.php on line 111
[21-Jun-2023 19:52:22 UTC] PHP Warning:  Undefined array key 0 in /Users/maazabul/AIO/apps/docs/functions/fun.php on line 113
[21-Jun-2023 19:52:22 UTC] PHP Warning:  Undefined array key 0 in /Users/maazabul/AIO/apps/docs/functions/fun.php on line 113
[21-Jun-2023 19:52:22 UTC] PHP Warning:  Undefined array key 0 in /Users/maazabul/AIO/apps/docs/functions/fun.php on line 113
[21-Jun-2023 19:52:22 UTC] PHP Warning:  Undefined array key 0 in /Users/maazabul/AIO/apps/docs/functions/fun.php on line 121
[21-Jun-2023 19:52:22 UTC] PHP Warning:  Undefined array key 1 in /Users/maazabul/AIO/apps/docs/functions/fun.php on line 126
[21-Jun-2023 19:52:22 UTC] PHP Warning:  Undefined array key 1 in /Users/maazabul/AIO/apps/docs/functions/fun.php on line 128
[21-Jun-2023 19:52:22 UTC] PHP Fatal error:  Uncaught TypeError: docs_content(): Argument #1 ($content) must be of type array|string, null given, called in /Users/maazabul/AIO/apps/docs/functions/fun.php on line 128 and defined in /Users/maazabul/AIO/apps/docs/functions/fun.php:45
Stack trace:
#0 /Users/maazabul/AIO/apps/docs/functions/fun.php(128): docs_content(NULL, '')
#1 /Users/maazabul/AIO/apps/docs/pages/code/micros.php(4): render_docs(Array)
#2 /Users/maazabul/AIO/core/core.php(161): require('/Users/maazabul...')
#3 /Users/maazabul/AIO/index.php(62): require('/Users/maazabul...')
#4 {main}
  thrown in /Users/maazabul/AIO/apps/docs/functions/fun.php on line 45
[21-Jun-2023 19:52:25 UTC] PHP Warning:  Undefined array key 0 in /Users/maazabul/AIO/apps/docs/functions/fun.php on line 111
[21-Jun-2023 19:52:25 UTC] PHP Warning:  Undefined array key 0 in /Users/maazabul/AIO/apps/docs/functions/fun.php on line 113
[21-Jun-2023 19:52:25 UTC] PHP Warning:  Undefined array key 0 in /Users/maazabul/AIO/apps/docs/functions/fun.php on line 113
[21-Jun-2023 19:52:25 UTC] PHP Warning:  Undefined array key 0 in /Users/maazabul/AIO/apps/docs/functions/fun.php on line 113
[21-Jun-2023 19:52:25 UTC] PHP Warning:  Undefined array key 0 in /Users/maazabul/AIO/apps/docs/functions/fun.php on line 121
[21-Jun-2023 19:52:25 UTC] PHP Warning:  Undefined array key 1 in /Users/maazabul/AIO/apps/docs/functions/fun.php on line 126
[21-Jun-2023 19:52:25 UTC] PHP Warning:  Undefined array key 1 in /Users/maazabul/AIO/apps/docs/functions/fun.php on line 128
[21-Jun-2023 19:52:25 UTC] PHP Fatal error:  Uncaught TypeError: docs_content(): Argument #1 ($content) must be of type array|string, null given, called in /Users/maazabul/AIO/apps/docs/functions/fun.php on line 128 and defined in /Users/maazabul/AIO/apps/docs/functions/fun.php:45
Stack trace:
#0 /Users/maazabul/AIO/apps/docs/functions/fun.php(128): docs_content(NULL, '')
#1 /Users/maazabul/AIO/apps/docs/pages/code/micros.php(4): render_docs(Array)
#2 /Users/maazabul/AIO/core/core.php(161): require('/Users/maazabul...')
#3 /Users/maazabul/AIO/index.php(62): require('/Users/maazabul...')
#4 {main}
  thrown in /Users/maazabul/AIO/apps/docs/functions/fun.php on line 45
[21-Jun-2023 20:17:04 UTC] PHP Warning:  Undefined variable $array in /Users/maazabul/AIO/apps/docs/pages/code/micros.php on line 16
[21-Jun-2023 20:17:44 UTC] PHP Warning:  Undefined variable $array in /Users/maazabul/AIO/apps/docs/pages/code/micros.php on line 16
[21-Jun-2023 20:17:44 UTC] PHP Warning:  foreach() argument must be of type array|object, string given in /Users/maazabul/AIO/apps/docs/functions/fun.php on line 116
[21-Jun-2023 20:19:50 UTC] PHP Warning:  Undefined variable $array in /Users/maazabul/AIO/apps/docs/pages/code/micros.php on line 19
[21-Jun-2023 20:19:50 UTC] PHP Warning:  foreach() argument must be of type array|object, null given in /Users/maazabul/AIO/apps/docs/functions/fun.php on line 16
[21-Jun-2023 20:20:04 UTC] PHP Warning:  Undefined variable $array in /Users/maazabul/AIO/apps/docs/pages/code/micros.php on line 19
[21-Jun-2023 20:20:04 UTC] PHP Warning:  foreach() argument must be of type array|object, null given in /Users/maazabul/AIO/apps/docs/functions/fun.php on line 16
